<?xml version="1.0" encoding="UTF-8"?>
<!-- Generated by org.testng.reporters.JUnitReportReporter -->
<testsuite hostname="ENC02CX0WFML7L" failures="0" tests="4" name="runners.RunFeatures" time="168.358" errors="0" timestamp="12 Apr 2025 16:17:38 GMT" skipped="0">
  <testcase classname="runners.RunFeatures" name="runScenario" time="45.567"/>
  <testcase classname="runners.RunFeatures" name="runScenario" time="42.297"/>
  <testcase classname="runners.RunFeatures" name="runScenario" time="32.304"/>
  <testcase classname="runners.RunFeatures" name="runScenario" time="48.190"/>
</testsuite> <!-- runners.RunFeatures -->
