<?xml version="1.0" encoding="UTF-8"?>
<testsuite xmlns:xsi="http://www.w3.org/2001/XMLSchema-instance" xsi:noNamespaceSchemaLocation="https://maven.apache.org/surefire/maven-surefire-plugin/xsd/surefire-test-report.xsd" name="TestSuite" time="187.499" tests="4" errors="0" skipped="0" failures="0">
  <properties>
    <property name="gopherProxySet" value="false"/>
    <property name="awt.toolkit" value="sun.lwawt.macosx.LWCToolkit"/>
    <property name="java.specification.version" value="11"/>
    <property name="sun.cpu.isalist" value=""/>
    <property name="sun.jnu.encoding" value="UTF-8"/>
    <property name="java.class.path" value="/Users/cuong.h.tran/untitled folder/MacroTestSample/Test/target/test-classes:/Users/cuong.h.tran/untitled folder/MacroTestSample/Test/target/classes:/Users/cuong.h.tran/.m2/repository/io/appium/java-client/7.2.0/java-client-7.2.0.jar:/Users/cuong.h.tran/.m2/repository/org/seleniumhq/selenium/selenium-support/3.141.59/selenium-support-3.141.59.jar:/Users/cuong.h.tran/.m2/repository/org/seleniumhq/selenium/selenium-api/3.141.59/selenium-api-3.141.59.jar:/Users/cuong.h.tran/.m2/repository/com/google/code/gson/gson/2.8.5/gson-2.8.5.jar:/Users/cuong.h.tran/.m2/repository/org/apache/httpcomponents/httpclient/4.5.9/httpclient-4.5.9.jar:/Users/cuong.h.tran/.m2/repository/cglib/cglib/3.2.12/cglib-3.2.12.jar:/Users/cuong.h.tran/.m2/repository/org/ow2/asm/asm/7.1/asm-7.1.jar:/Users/cuong.h.tran/.m2/repository/commons-validator/commons-validator/1.6/commons-validator-1.6.jar:/Users/cuong.h.tran/.m2/repository/commons-beanutils/commons-beanutils/1.9.2/commons-beanutils-1.9.2.jar:/Users/cuong.h.tran/.m2/repository/commons-digester/commons-digester/1.8.1/commons-digester-1.8.1.jar:/Users/cuong.h.tran/.m2/repository/org/apache/commons/commons-lang3/3.9/commons-lang3-3.9.jar:/Users/cuong.h.tran/.m2/repository/commons-io/commons-io/2.6/commons-io-2.6.jar:/Users/cuong.h.tran/.m2/repository/org/springframework/spring-context/5.1.8.RELEASE/spring-context-5.1.8.RELEASE.jar:/Users/cuong.h.tran/.m2/repository/org/springframework/spring-aop/5.1.8.RELEASE/spring-aop-5.1.8.RELEASE.jar:/Users/cuong.h.tran/.m2/repository/org/springframework/spring-beans/5.1.8.RELEASE/spring-beans-5.1.8.RELEASE.jar:/Users/cuong.h.tran/.m2/repository/org/springframework/spring-core/5.1.8.RELEASE/spring-core-5.1.8.RELEASE.jar:/Users/cuong.h.tran/.m2/repository/org/springframework/spring-jcl/5.1.8.RELEASE/spring-jcl-5.1.8.RELEASE.jar:/Users/cuong.h.tran/.m2/repository/org/springframework/spring-expression/5.1.8.RELEASE/spring-expression-5.1.8.RELEASE.jar:/Users/cuong.h.tran/.m2/repository/org/aspectj/aspectjweaver/1.9.4/aspectjweaver-1.9.4.jar:/Users/cuong.h.tran/.m2/repository/org/slf4j/slf4j-api/1.7.26/slf4j-api-1.7.26.jar:/Users/cuong.h.tran/.m2/repository/org/seleniumhq/selenium/selenium-java/3.14.0/selenium-java-3.14.0.jar:/Users/cuong.h.tran/.m2/repository/org/seleniumhq/selenium/selenium-chrome-driver/3.14.0/selenium-chrome-driver-3.14.0.jar:/Users/cuong.h.tran/.m2/repository/org/seleniumhq/selenium/selenium-edge-driver/3.14.0/selenium-edge-driver-3.14.0.jar:/Users/cuong.h.tran/.m2/repository/org/seleniumhq/selenium/selenium-firefox-driver/3.14.0/selenium-firefox-driver-3.14.0.jar:/Users/cuong.h.tran/.m2/repository/org/seleniumhq/selenium/selenium-ie-driver/3.14.0/selenium-ie-driver-3.14.0.jar:/Users/cuong.h.tran/.m2/repository/org/seleniumhq/selenium/selenium-opera-driver/3.14.0/selenium-opera-driver-3.14.0.jar:/Users/cuong.h.tran/.m2/repository/org/seleniumhq/selenium/selenium-remote-driver/3.14.0/selenium-remote-driver-3.14.0.jar:/Users/cuong.h.tran/.m2/repository/org/seleniumhq/selenium/selenium-safari-driver/3.14.0/selenium-safari-driver-3.14.0.jar:/Users/cuong.h.tran/.m2/repository/net/bytebuddy/byte-buddy/1.8.15/byte-buddy-1.8.15.jar:/Users/cuong.h.tran/.m2/repository/org/apache/commons/commons-exec/1.3/commons-exec-1.3.jar:/Users/cuong.h.tran/.m2/repository/commons-codec/commons-codec/1.10/commons-codec-1.10.jar:/Users/cuong.h.tran/.m2/repository/commons-logging/commons-logging/1.2/commons-logging-1.2.jar:/Users/cuong.h.tran/.m2/repository/com/google/guava/guava/25.0-jre/guava-25.0-jre.jar:/Users/cuong.h.tran/.m2/repository/com/google/code/findbugs/jsr305/1.3.9/jsr305-1.3.9.jar:/Users/cuong.h.tran/.m2/repository/org/checkerframework/checker-compat-qual/2.0.0/checker-compat-qual-2.0.0.jar:/Users/cuong.h.tran/.m2/repository/com/google/errorprone/error_prone_annotations/2.1.3/error_prone_annotations-2.1.3.jar:/Users/cuong.h.tran/.m2/repository/com/google/j2objc/j2objc-annotations/1.1/j2objc-annotations-1.1.jar:/Users/cuong.h.tran/.m2/repository/org/codehaus/mojo/animal-sniffer-annotations/1.14/animal-sniffer-annotations-1.14.jar:/Users/cuong.h.tran/.m2/repository/org/apache/httpcomponents/httpcore/4.4.9/httpcore-4.4.9.jar:/Users/cuong.h.tran/.m2/repository/com/squareup/okhttp3/okhttp/3.10.0/okhttp-3.10.0.jar:/Users/cuong.h.tran/.m2/repository/com/squareup/okio/okio/1.14.1/okio-1.14.1.jar:/Users/cuong.h.tran/.m2/repository/org/testng/testng/6.14.3/testng-6.14.3.jar:/Users/cuong.h.tran/.m2/repository/com/beust/jcommander/1.72/jcommander-1.72.jar:/Users/cuong.h.tran/.m2/repository/org/apache-extras/beanshell/bsh/2.0b6/bsh-2.0b6.jar:/Users/cuong.h.tran/.m2/repository/io/cucumber/cucumber-java/4.3.1/cucumber-java-4.3.1.jar:/Users/cuong.h.tran/.m2/repository/io/cucumber/cucumber-core/4.3.1/cucumber-core-4.3.1.jar:/Users/cuong.h.tran/.m2/repository/io/cucumber/cucumber-html/0.2.7/cucumber-html-0.2.7.jar:/Users/cuong.h.tran/.m2/repository/io/cucumber/gherkin/5.1.0/gherkin-5.1.0.jar:/Users/cuong.h.tran/.m2/repository/io/cucumber/tag-expressions/1.1.1/tag-expressions-1.1.1.jar:/Users/cuong.h.tran/.m2/repository/io/cucumber/cucumber-expressions/6.2.2/cucumber-expressions-6.2.2.jar:/Users/cuong.h.tran/.m2/repository/io/cucumber/datatable/1.1.12/datatable-1.1.12.jar:/Users/cuong.h.tran/.m2/repository/io/cucumber/datatable-dependencies/1.1.12/datatable-dependencies-1.1.12.jar:/Users/cuong.h.tran/.m2/repository/io/cucumber/cucumber-picocontainer/4.3.1/cucumber-picocontainer-4.3.1.jar:/Users/cuong.h.tran/.m2/repository/org/picocontainer/picocontainer/2.15/picocontainer-2.15.jar:/Users/cuong.h.tran/.m2/repository/io/cucumber/cucumber-testng/4.3.1/cucumber-testng-4.3.1.jar:/Users/cuong.h.tran/.m2/repository/net/masterthought/cucumber-reporting/4.9.0/cucumber-reporting-4.9.0.jar:/Users/cuong.h.tran/.m2/repository/com/fasterxml/jackson/core/jackson-databind/2.9.9.3/jackson-databind-2.9.9.3.jar:/Users/cuong.h.tran/.m2/repository/com/fasterxml/jackson/core/jackson-annotations/2.9.0/jackson-annotations-2.9.0.jar:/Users/cuong.h.tran/.m2/repository/com/fasterxml/jackson/core/jackson-core/2.9.9/jackson-core-2.9.9.jar:/Users/cuong.h.tran/.m2/repository/org/apache/velocity/velocity/1.7/velocity-1.7.jar:/Users/cuong.h.tran/.m2/repository/commons-lang/commons-lang/2.4/commons-lang-2.4.jar:/Users/cuong.h.tran/.m2/repository/commons-collections/commons-collections/3.2.2/commons-collections-3.2.2.jar:/Users/cuong.h.tran/.m2/repository/velocity-tools/velocity-tools/1.4/velocity-tools-1.4.jar:/Users/cuong.h.tran/.m2/repository/joda-time/joda-time/2.10.2/joda-time-2.10.2.jar:/Users/cuong.h.tran/.m2/repository/org/codehaus/plexus/plexus-utils/3.2.0/plexus-utils-3.2.0.jar:/Users/cuong.h.tran/.m2/repository/org/jsoup/jsoup/1.12.1/jsoup-1.12.1.jar:/Users/cuong.h.tran/.m2/repository/com/googlecode/owasp-java-html-sanitizer/owasp-java-html-sanitizer/20190610.1/owasp-java-html-sanitizer-20190610.1.jar:/Users/cuong.h.tran/.m2/repository/commons-configuration/commons-configuration/1.10/commons-configuration-1.10.jar:"/>
    <property name="java.vm.vendor" value="Homebrew"/>
    <property name="sun.arch.data.model" value="64"/>
    <property name="java.vendor.url" value="https://github.com/Homebrew/homebrew-core/issues"/>
    <property name="user.timezone" value=""/>
    <property name="java.vm.specification.version" value="11"/>
    <property name="os.name" value="Mac OS X"/>
    <property name="sun.java.launcher" value="SUN_STANDARD"/>
    <property name="user.country" value="VN"/>
    <property name="sun.boot.library.path" value="/usr/local/Cellar/openjdk@11/11.0.21/libexec/openjdk.jdk/Contents/Home/lib"/>
    <property name="sun.java.command" value="/Users/cuong.h.tran/untitled folder/MacroTestSample/Test/target/surefire/surefirebooter14498390524036066722.jar /Users/cuong.h.tran/untitled folder/MacroTestSample/Test/target/surefire 2025-04-12T23-14-30_736-jvmRun1 surefire13090084650912085521tmp surefire_010096818101924040902tmp"/>
    <property name="jdk.debug" value="release"/>
    <property name="surefire.test.class.path" value="/Users/cuong.h.tran/untitled folder/MacroTestSample/Test/target/test-classes:/Users/cuong.h.tran/untitled folder/MacroTestSample/Test/target/classes:/Users/cuong.h.tran/.m2/repository/io/appium/java-client/7.2.0/java-client-7.2.0.jar:/Users/cuong.h.tran/.m2/repository/org/seleniumhq/selenium/selenium-support/3.141.59/selenium-support-3.141.59.jar:/Users/cuong.h.tran/.m2/repository/org/seleniumhq/selenium/selenium-api/3.141.59/selenium-api-3.141.59.jar:/Users/cuong.h.tran/.m2/repository/com/google/code/gson/gson/2.8.5/gson-2.8.5.jar:/Users/cuong.h.tran/.m2/repository/org/apache/httpcomponents/httpclient/4.5.9/httpclient-4.5.9.jar:/Users/cuong.h.tran/.m2/repository/cglib/cglib/3.2.12/cglib-3.2.12.jar:/Users/cuong.h.tran/.m2/repository/org/ow2/asm/asm/7.1/asm-7.1.jar:/Users/cuong.h.tran/.m2/repository/commons-validator/commons-validator/1.6/commons-validator-1.6.jar:/Users/cuong.h.tran/.m2/repository/commons-beanutils/commons-beanutils/1.9.2/commons-beanutils-1.9.2.jar:/Users/cuong.h.tran/.m2/repository/commons-digester/commons-digester/1.8.1/commons-digester-1.8.1.jar:/Users/cuong.h.tran/.m2/repository/org/apache/commons/commons-lang3/3.9/commons-lang3-3.9.jar:/Users/cuong.h.tran/.m2/repository/commons-io/commons-io/2.6/commons-io-2.6.jar:/Users/cuong.h.tran/.m2/repository/org/springframework/spring-context/5.1.8.RELEASE/spring-context-5.1.8.RELEASE.jar:/Users/cuong.h.tran/.m2/repository/org/springframework/spring-aop/5.1.8.RELEASE/spring-aop-5.1.8.RELEASE.jar:/Users/cuong.h.tran/.m2/repository/org/springframework/spring-beans/5.1.8.RELEASE/spring-beans-5.1.8.RELEASE.jar:/Users/cuong.h.tran/.m2/repository/org/springframework/spring-core/5.1.8.RELEASE/spring-core-5.1.8.RELEASE.jar:/Users/cuong.h.tran/.m2/repository/org/springframework/spring-jcl/5.1.8.RELEASE/spring-jcl-5.1.8.RELEASE.jar:/Users/cuong.h.tran/.m2/repository/org/springframework/spring-expression/5.1.8.RELEASE/spring-expression-5.1.8.RELEASE.jar:/Users/cuong.h.tran/.m2/repository/org/aspectj/aspectjweaver/1.9.4/aspectjweaver-1.9.4.jar:/Users/cuong.h.tran/.m2/repository/org/slf4j/slf4j-api/1.7.26/slf4j-api-1.7.26.jar:/Users/cuong.h.tran/.m2/repository/org/seleniumhq/selenium/selenium-java/3.14.0/selenium-java-3.14.0.jar:/Users/cuong.h.tran/.m2/repository/org/seleniumhq/selenium/selenium-chrome-driver/3.14.0/selenium-chrome-driver-3.14.0.jar:/Users/cuong.h.tran/.m2/repository/org/seleniumhq/selenium/selenium-edge-driver/3.14.0/selenium-edge-driver-3.14.0.jar:/Users/cuong.h.tran/.m2/repository/org/seleniumhq/selenium/selenium-firefox-driver/3.14.0/selenium-firefox-driver-3.14.0.jar:/Users/cuong.h.tran/.m2/repository/org/seleniumhq/selenium/selenium-ie-driver/3.14.0/selenium-ie-driver-3.14.0.jar:/Users/cuong.h.tran/.m2/repository/org/seleniumhq/selenium/selenium-opera-driver/3.14.0/selenium-opera-driver-3.14.0.jar:/Users/cuong.h.tran/.m2/repository/org/seleniumhq/selenium/selenium-remote-driver/3.14.0/selenium-remote-driver-3.14.0.jar:/Users/cuong.h.tran/.m2/repository/org/seleniumhq/selenium/selenium-safari-driver/3.14.0/selenium-safari-driver-3.14.0.jar:/Users/cuong.h.tran/.m2/repository/net/bytebuddy/byte-buddy/1.8.15/byte-buddy-1.8.15.jar:/Users/cuong.h.tran/.m2/repository/org/apache/commons/commons-exec/1.3/commons-exec-1.3.jar:/Users/cuong.h.tran/.m2/repository/commons-codec/commons-codec/1.10/commons-codec-1.10.jar:/Users/cuong.h.tran/.m2/repository/commons-logging/commons-logging/1.2/commons-logging-1.2.jar:/Users/cuong.h.tran/.m2/repository/com/google/guava/guava/25.0-jre/guava-25.0-jre.jar:/Users/cuong.h.tran/.m2/repository/com/google/code/findbugs/jsr305/1.3.9/jsr305-1.3.9.jar:/Users/cuong.h.tran/.m2/repository/org/checkerframework/checker-compat-qual/2.0.0/checker-compat-qual-2.0.0.jar:/Users/cuong.h.tran/.m2/repository/com/google/errorprone/error_prone_annotations/2.1.3/error_prone_annotations-2.1.3.jar:/Users/cuong.h.tran/.m2/repository/com/google/j2objc/j2objc-annotations/1.1/j2objc-annotations-1.1.jar:/Users/cuong.h.tran/.m2/repository/org/codehaus/mojo/animal-sniffer-annotations/1.14/animal-sniffer-annotations-1.14.jar:/Users/cuong.h.tran/.m2/repository/org/apache/httpcomponents/httpcore/4.4.9/httpcore-4.4.9.jar:/Users/cuong.h.tran/.m2/repository/com/squareup/okhttp3/okhttp/3.10.0/okhttp-3.10.0.jar:/Users/cuong.h.tran/.m2/repository/com/squareup/okio/okio/1.14.1/okio-1.14.1.jar:/Users/cuong.h.tran/.m2/repository/org/testng/testng/6.14.3/testng-6.14.3.jar:/Users/cuong.h.tran/.m2/repository/com/beust/jcommander/1.72/jcommander-1.72.jar:/Users/cuong.h.tran/.m2/repository/org/apache-extras/beanshell/bsh/2.0b6/bsh-2.0b6.jar:/Users/cuong.h.tran/.m2/repository/io/cucumber/cucumber-java/4.3.1/cucumber-java-4.3.1.jar:/Users/cuong.h.tran/.m2/repository/io/cucumber/cucumber-core/4.3.1/cucumber-core-4.3.1.jar:/Users/cuong.h.tran/.m2/repository/io/cucumber/cucumber-html/0.2.7/cucumber-html-0.2.7.jar:/Users/cuong.h.tran/.m2/repository/io/cucumber/gherkin/5.1.0/gherkin-5.1.0.jar:/Users/cuong.h.tran/.m2/repository/io/cucumber/tag-expressions/1.1.1/tag-expressions-1.1.1.jar:/Users/cuong.h.tran/.m2/repository/io/cucumber/cucumber-expressions/6.2.2/cucumber-expressions-6.2.2.jar:/Users/cuong.h.tran/.m2/repository/io/cucumber/datatable/1.1.12/datatable-1.1.12.jar:/Users/cuong.h.tran/.m2/repository/io/cucumber/datatable-dependencies/1.1.12/datatable-dependencies-1.1.12.jar:/Users/cuong.h.tran/.m2/repository/io/cucumber/cucumber-picocontainer/4.3.1/cucumber-picocontainer-4.3.1.jar:/Users/cuong.h.tran/.m2/repository/org/picocontainer/picocontainer/2.15/picocontainer-2.15.jar:/Users/cuong.h.tran/.m2/repository/io/cucumber/cucumber-testng/4.3.1/cucumber-testng-4.3.1.jar:/Users/cuong.h.tran/.m2/repository/net/masterthought/cucumber-reporting/4.9.0/cucumber-reporting-4.9.0.jar:/Users/cuong.h.tran/.m2/repository/com/fasterxml/jackson/core/jackson-databind/2.9.9.3/jackson-databind-2.9.9.3.jar:/Users/cuong.h.tran/.m2/repository/com/fasterxml/jackson/core/jackson-annotations/2.9.0/jackson-annotations-2.9.0.jar:/Users/cuong.h.tran/.m2/repository/com/fasterxml/jackson/core/jackson-core/2.9.9/jackson-core-2.9.9.jar:/Users/cuong.h.tran/.m2/repository/org/apache/velocity/velocity/1.7/velocity-1.7.jar:/Users/cuong.h.tran/.m2/repository/commons-lang/commons-lang/2.4/commons-lang-2.4.jar:/Users/cuong.h.tran/.m2/repository/commons-collections/commons-collections/3.2.2/commons-collections-3.2.2.jar:/Users/cuong.h.tran/.m2/repository/velocity-tools/velocity-tools/1.4/velocity-tools-1.4.jar:/Users/cuong.h.tran/.m2/repository/joda-time/joda-time/2.10.2/joda-time-2.10.2.jar:/Users/cuong.h.tran/.m2/repository/org/codehaus/plexus/plexus-utils/3.2.0/plexus-utils-3.2.0.jar:/Users/cuong.h.tran/.m2/repository/org/jsoup/jsoup/1.12.1/jsoup-1.12.1.jar:/Users/cuong.h.tran/.m2/repository/com/googlecode/owasp-java-html-sanitizer/owasp-java-html-sanitizer/20190610.1/owasp-java-html-sanitizer-20190610.1.jar:/Users/cuong.h.tran/.m2/repository/commons-configuration/commons-configuration/1.10/commons-configuration-1.10.jar:"/>
    <property name="sun.cpu.endian" value="little"/>
    <property name="user.home" value="/Users/cuong.h.tran"/>
    <property name="user.language" value="en"/>
    <property name="java.specification.vendor" value="Oracle Corporation"/>
    <property name="java.version.date" value="2023-10-17"/>
    <property name="java.home" value="/usr/local/Cellar/openjdk@11/11.0.21/libexec/openjdk.jdk/Contents/Home"/>
    <property name="file.separator" value="/"/>
    <property name="basedir" value="/Users/cuong.h.tran/untitled folder/MacroTestSample/Test"/>
    <property name="java.vm.compressedOopsMode" value="Zero based"/>
    <property name="line.separator" value="&#10;"/>
    <property name="java.specification.name" value="Java Platform API Specification"/>
    <property name="java.vm.specification.vendor" value="Oracle Corporation"/>
    <property name="java.awt.graphicsenv" value="sun.awt.CGraphicsEnvironment"/>
    <property name="surefire.real.class.path" value="/Users/cuong.h.tran/untitled folder/MacroTestSample/Test/target/surefire/surefirebooter14498390524036066722.jar"/>
    <property name="sun.management.compiler" value="HotSpot 64-Bit Tiered Compilers"/>
    <property name="java.runtime.version" value="11.0.21+0"/>
    <property name="user.name" value="cuong.h.tran"/>
    <property name="path.separator" value=":"/>
    <property name="os.version" value="15.3.1"/>
    <property name="java.runtime.name" value="OpenJDK Runtime Environment"/>
    <property name="file.encoding" value="UTF-8"/>
    <property name="java.vm.name" value="OpenJDK 64-Bit Server VM"/>
    <property name="java.vendor.version" value="Homebrew"/>
    <property name="localRepository" value="/Users/cuong.h.tran/.m2/repository"/>
    <property name="java.vendor.url.bug" value="https://github.com/Homebrew/homebrew-core/issues"/>
    <property name="java.io.tmpdir" value="/var/folders/t3/4z8wpd615hz6w2wkhyf3x1qr0000gp/T/"/>
    <property name="java.version" value="11.0.21"/>
    <property name="user.dir" value="/Users/cuong.h.tran/untitled folder/MacroTestSample/Test"/>
    <property name="os.arch" value="x86_64"/>
    <property name="java.vm.specification.name" value="Java Virtual Machine Specification"/>
    <property name="java.awt.printerjob" value="sun.lwawt.macosx.CPrinterJob"/>
    <property name="sun.os.patch.level" value="unknown"/>
    <property name="java.library.path" value="/Users/cuong.h.tran/Library/Java/Extensions:/Library/Java/Extensions:/Network/Library/Java/Extensions:/System/Library/Java/Extensions:/usr/lib/java:."/>
    <property name="java.vm.info" value="mixed mode"/>
    <property name="java.vendor" value="Homebrew"/>
    <property name="java.vm.version" value="11.0.21+0"/>
    <property name="java.specification.maintenance.version" value="2"/>
    <property name="sun.io.unicode.encoding" value="UnicodeBig"/>
    <property name="java.class.version" value="55.0"/>
    <property name="testng" value="GlobalGalaxyS21_5G_Demo.xml"/>
  </properties>
  <testcase name="runScenario" classname="runners.RunFeatures" time="45.568"/>
  <testcase name="runScenario" classname="runners.RunFeatures" time="42.296"/>
  <testcase name="runScenario" classname="runners.RunFeatures" time="32.304"/>
  <testcase name="runScenario" classname="runners.RunFeatures" time="48.19"/>
</testsuite>